<?xml version="1.0" encoding="UTF-8"?>
<!-- Generated by org.testng.reporters.JUnitReportReporter -->
<testsuite hostname="Ajit-PC" name="SeleniumGrid.grid4" tests="2" failures="0" timestamp="13 Mar 2019 06:42:13 GMT" time="121.946" errors="0">
  <testcase name="test" time="61.428" classname="SeleniumGrid.grid4"/>
  <testcase name="test" time="60.518" classname="SeleniumGrid.grid4"/>
</testsuite> <!-- SeleniumGrid.grid4 -->
