<?xml version="1.0" encoding="UTF-8"?>
<!-- Generated by org.testng.reporters.JUnitReportReporter -->
<testsuite hostname="Ajit-PC" name="SeleniumGrid.Grid1" tests="1" failures="0" timestamp="13 Mar 2019 06:27:10 GMT" time="41.082" errors="0">
  <testcase name="testA" time="41.082" classname="SeleniumGrid.Grid1"/>
</testsuite> <!-- SeleniumGrid.Grid1 -->
